{"/Users/enissmajlovic/Sites/Creativehut_Auth_Service/controller/UserController.js": {"path":"/Users/enissmajlovic/Sites/Creativehut_Auth_Service/controller/UserController.js","statementMap":{"0":{"start":{"line":2,"column":40},"end":{"line":2,"column":73}},"1":{"start":{"line":12,"column":8},"end":{"line":12,"column":39}},"2":{"start":{"line":22,"column":33},"end":{"line":22,"column":57}},"3":{"start":{"line":24,"column":8},"end":{"line":26,"column":9}},"4":{"start":{"line":25,"column":12},"end":{"line":25,"column":47}},"5":{"start":{"line":28,"column":8},"end":{"line":37,"column":9}},"6":{"start":{"line":29,"column":26},"end":{"line":32,"column":13}},"7":{"start":{"line":34,"column":12},"end":{"line":34,"column":47}},"8":{"start":{"line":36,"column":12},"end":{"line":36,"column":45}},"9":{"start":{"line":47,"column":33},"end":{"line":47,"column":55}},"10":{"start":{"line":49,"column":8},"end":{"line":51,"column":9}},"11":{"start":{"line":50,"column":12},"end":{"line":50,"column":47}},"12":{"start":{"line":53,"column":8},"end":{"line":72,"column":9}},"13":{"start":{"line":54,"column":25},"end":{"line":59,"column":13}},"14":{"start":{"line":61,"column":12},"end":{"line":63,"column":13}},"15":{"start":{"line":62,"column":16},"end":{"line":62,"column":74}},"16":{"start":{"line":65,"column":12},"end":{"line":69,"column":15}},"17":{"start":{"line":71,"column":12},"end":{"line":71,"column":45}},"18":{"start":{"line":76,"column":0},"end":{"line":76,"column":32}}},"fnMap":{"0":{"name":"(anonymous_0)","decl":{"start":{"line":11,"column":4},"end":{"line":11,"column":5}},"loc":{"start":{"line":11,"column":29},"end":{"line":13,"column":5}},"line":11},"1":{"name":"(anonymous_1)","decl":{"start":{"line":21,"column":4},"end":{"line":21,"column":5}},"loc":{"start":{"line":21,"column":24},"end":{"line":38,"column":5}},"line":21},"2":{"name":"(anonymous_2)","decl":{"start":{"line":46,"column":4},"end":{"line":46,"column":5}},"loc":{"start":{"line":46,"column":27},"end":{"line":73,"column":5}},"line":46}},"branchMap":{"0":{"loc":{"start":{"line":24,"column":8},"end":{"line":26,"column":9}},"type":"if","locations":[{"start":{"line":24,"column":8},"end":{"line":26,"column":9}},{"start":{"line":24,"column":8},"end":{"line":26,"column":9}}],"line":24},"1":{"loc":{"start":{"line":49,"column":8},"end":{"line":51,"column":9}},"type":"if","locations":[{"start":{"line":49,"column":8},"end":{"line":51,"column":9}},{"start":{"line":49,"column":8},"end":{"line":51,"column":9}}],"line":49},"2":{"loc":{"start":{"line":61,"column":12},"end":{"line":63,"column":13}},"type":"if","locations":[{"start":{"line":61,"column":12},"end":{"line":63,"column":13}},{"start":{"line":61,"column":12},"end":{"line":63,"column":13}}],"line":61}},"s":{"0":1,"1":1,"2":4,"3":4,"4":1,"5":3,"6":3,"7":2,"8":1,"9":4,"10":4,"11":1,"12":3,"13":3,"14":2,"15":1,"16":1,"17":2,"18":1},"f":{"0":1,"1":4,"2":4},"b":{"0":[1,3],"1":[1,3],"2":[1,1]},"_coverageSchema":"43e27e138ebf9cfc5966b082cf9a028302ed4184","hash":"781ab7a4f3466fde9b367978a6723e67dda40da8"}
,"/Users/enissmajlovic/Sites/Creativehut_Auth_Service/model/UserModel.js": {"path":"/Users/enissmajlovic/Sites/Creativehut_Auth_Service/model/UserModel.js","statementMap":{"0":{"start":{"line":2,"column":17},"end":{"line":2,"column":36}},"1":{"start":{"line":3,"column":13},"end":{"line":3,"column":31}},"2":{"start":{"line":4,"column":10},"end":{"line":4,"column":33}},"3":{"start":{"line":5,"column":13},"end":{"line":5,"column":30}},"4":{"start":{"line":7,"column":19},"end":{"line":41,"column":2}},"5":{"start":{"line":43,"column":0},"end":{"line":46,"column":2}},"6":{"start":{"line":44,"column":18},"end":{"line":44,"column":72}},"7":{"start":{"line":45,"column":4},"end":{"line":45,"column":17}},"8":{"start":{"line":48,"column":0},"end":{"line":48,"column":52}}},"fnMap":{"0":{"name":"(anonymous_0)","decl":{"start":{"line":43,"column":39},"end":{"line":43,"column":40}},"loc":{"start":{"line":43,"column":50},"end":{"line":46,"column":1}},"line":43}},"branchMap":{},"s":{"0":1,"1":1,"2":1,"3":1,"4":1,"5":1,"6":0,"7":0,"8":1},"f":{"0":0},"b":{},"_coverageSchema":"43e27e138ebf9cfc5966b082cf9a028302ed4184","hash":"aa23de6c601166ca40dbd61f18788fcf02aaadec"}
,"/Users/enissmajlovic/Sites/Creativehut_Auth_Service/service/UserService.js": {"path":"/Users/enissmajlovic/Sites/Creativehut_Auth_Service/service/UserService.js","statementMap":{"0":{"start":{"line":2,"column":15},"end":{"line":2,"column":32}},"1":{"start":{"line":3,"column":13},"end":{"line":3,"column":42}},"2":{"start":{"line":16,"column":22},"end":{"line":16,"column":24}},"3":{"start":{"line":18,"column":8},"end":{"line":26,"column":9}},"4":{"start":{"line":19,"column":26},"end":{"line":21,"column":28}},"5":{"start":{"line":23,"column":12},"end":{"line":23,"column":29}},"6":{"start":{"line":25,"column":12},"end":{"line":25,"column":53}},"7":{"start":{"line":38,"column":8},"end":{"line":61,"column":9}},"8":{"start":{"line":39,"column":23},"end":{"line":39,"column":59}},"9":{"start":{"line":40,"column":12},"end":{"line":42,"column":13}},"10":{"start":{"line":41,"column":16},"end":{"line":41,"column":28}},"11":{"start":{"line":44,"column":12},"end":{"line":49,"column":15}},"12":{"start":{"line":51,"column":25},"end":{"line":51,"column":49}},"13":{"start":{"line":52,"column":12},"end":{"line":52,"column":67}},"14":{"start":{"line":54,"column":12},"end":{"line":54,"column":37}},"15":{"start":{"line":56,"column":26},"end":{"line":56,"column":50}},"16":{"start":{"line":58,"column":12},"end":{"line":58,"column":35}},"17":{"start":{"line":60,"column":12},"end":{"line":60,"column":53}},"18":{"start":{"line":65,"column":0},"end":{"line":65,"column":29}}},"fnMap":{"0":{"name":"(anonymous_0)","decl":{"start":{"line":15,"column":4},"end":{"line":15,"column":5}},"loc":{"start":{"line":15,"column":27},"end":{"line":27,"column":5}},"line":15},"1":{"name":"(anonymous_1)","decl":{"start":{"line":37,"column":4},"end":{"line":37,"column":5}},"loc":{"start":{"line":37,"column":50},"end":{"line":62,"column":5}},"line":37}},"branchMap":{"0":{"loc":{"start":{"line":40,"column":12},"end":{"line":42,"column":13}},"type":"if","locations":[{"start":{"line":40,"column":12},"end":{"line":42,"column":13}},{"start":{"line":40,"column":12},"end":{"line":42,"column":13}}],"line":40}},"s":{"0":2,"1":2,"2":2,"3":2,"4":2,"5":1,"6":1,"7":1,"8":1,"9":1,"10":0,"11":1,"12":0,"13":0,"14":0,"15":0,"16":0,"17":1,"18":2},"f":{"0":2,"1":1},"b":{"0":[0,1]},"_coverageSchema":"43e27e138ebf9cfc5966b082cf9a028302ed4184","hash":"5f7d9f85bf2757f8c0d0d0d99fd93b89e66d8c18"}
,"/Users/enissmajlovic/Sites/Creativehut_Auth_Service/validation/Validate.js": {"path":"/Users/enissmajlovic/Sites/Creativehut_Auth_Service/validation/Validate.js","statementMap":{"0":{"start":{"line":2,"column":12},"end":{"line":2,"column":26}},"1":{"start":{"line":5,"column":19},"end":{"line":16,"column":5}},"2":{"start":{"line":18,"column":4},"end":{"line":18,"column":38}},"3":{"start":{"line":22,"column":19},"end":{"line":40,"column":5}},"4":{"start":{"line":42,"column":4},"end":{"line":42,"column":38}},"5":{"start":{"line":46,"column":19},"end":{"line":56,"column":5}},"6":{"start":{"line":58,"column":4},"end":{"line":58,"column":37}},"7":{"start":{"line":62,"column":0},"end":{"line":62,"column":45}},"8":{"start":{"line":63,"column":0},"end":{"line":63,"column":43}},"9":{"start":{"line":64,"column":0},"end":{"line":64,"column":43}}},"fnMap":{"0":{"name":"validateQuery","decl":{"start":{"line":4,"column":9},"end":{"line":4,"column":22}},"loc":{"start":{"line":4,"column":29},"end":{"line":19,"column":1}},"line":4},"1":{"name":"validateUser","decl":{"start":{"line":21,"column":9},"end":{"line":21,"column":21}},"loc":{"start":{"line":21,"column":28},"end":{"line":43,"column":1}},"line":21},"2":{"name":"validateAuth","decl":{"start":{"line":45,"column":9},"end":{"line":45,"column":21}},"loc":{"start":{"line":45,"column":27},"end":{"line":59,"column":1}},"line":45}},"branchMap":{},"s":{"0":1,"1":4,"2":4,"3":4,"4":4,"5":0,"6":0,"7":1,"8":1,"9":1},"f":{"0":4,"1":4,"2":0},"b":{},"_coverageSchema":"43e27e138ebf9cfc5966b082cf9a028302ed4184","hash":"de84688dd26d6d6aa2e946c065278c4ab72e0c53"}
}
