TN:
SF:/Users/enissmajlovic/Sites/Creativehut_Auth_Service/controller/UserController.js
FN:11,(anonymous_0)
FN:21,(anonymous_1)
FN:46,(anonymous_2)
FNF:3
FNH:3
FNDA:1,(anonymous_0)
FNDA:4,(anonymous_1)
FNDA:4,(anonymous_2)
DA:2,1
DA:12,1
DA:22,4
DA:24,4
DA:25,1
DA:28,3
DA:29,3
DA:34,2
DA:36,1
DA:47,4
DA:49,4
DA:50,1
DA:53,3
DA:54,3
DA:61,2
DA:62,1
DA:65,1
DA:71,2
DA:76,1
LF:19
LH:19
BRDA:24,0,0,1
BRDA:24,0,1,3
BRDA:49,1,0,1
BRDA:49,1,1,3
BRDA:61,2,0,1
BRDA:61,2,1,1
BRF:6
BRH:6
end_of_record
TN:
SF:/Users/enissmajlovic/Sites/Creativehut_Auth_Service/model/UserModel.js
FN:43,(anonymous_0)
FNF:1
FNH:0
FNDA:0,(anonymous_0)
DA:2,1
DA:3,1
DA:4,1
DA:5,1
DA:7,1
DA:43,1
DA:44,0
DA:45,0
DA:48,1
LF:9
LH:7
BRF:0
BRH:0
end_of_record
TN:
SF:/Users/enissmajlovic/Sites/Creativehut_Auth_Service/service/UserService.js
FN:15,(anonymous_0)
FN:37,(anonymous_1)
FNF:2
FNH:2
FNDA:2,(anonymous_0)
FNDA:1,(anonymous_1)
DA:2,2
DA:3,2
DA:16,2
DA:18,2
DA:19,2
DA:23,1
DA:25,1
DA:38,1
DA:39,1
DA:40,1
DA:41,0
DA:44,1
DA:51,0
DA:52,0
DA:54,0
DA:56,0
DA:58,0
DA:60,1
DA:65,2
LF:19
LH:13
BRDA:40,0,0,0
BRDA:40,0,1,1
BRF:2
BRH:1
end_of_record
TN:
SF:/Users/enissmajlovic/Sites/Creativehut_Auth_Service/validation/Validate.js
FN:4,validateQuery
FN:21,validateUser
FN:45,validateAuth
FNF:3
FNH:2
FNDA:4,validateQuery
FNDA:4,validateUser
FNDA:0,validateAuth
DA:2,1
DA:5,4
DA:18,4
DA:22,4
DA:42,4
DA:46,0
DA:58,0
DA:62,1
DA:63,1
DA:64,1
LF:10
LH:8
BRF:0
BRH:0
end_of_record
